Determining if the pthread_create exist failed with the following output:
Change Dir: /home/wn/codes/my_projects/cuda_matmul/build/CMakeFiles/CMakeTmp

Run Build Command:"/usr/bin/ninja" "cmTC_58f56"
[1/2] Building C object CMakeFiles/cmTC_58f56.dir/CheckSymbolExists.c.o
[2/2] Linking C executable cmTC_58f56
FAILED: cmTC_58f56 
: && /usr/bin/gcc -fPIC  -rdynamic CMakeFiles/cmTC_58f56.dir/CheckSymbolExists.c.o  -o cmTC_58f56   && :
CMakeFiles/cmTC_58f56.dir/CheckSymbolExists.c.o: In function `main':
CheckSymbolExists.c:(.text+0x1b): undefined reference to `pthread_create'
collect2: error: ld returned 1 exit status
ninja: build stopped: subcommand failed.

File /home/wn/codes/my_projects/cuda_matmul/build/CMakeFiles/CMakeTmp/CheckSymbolExists.c:
/* */
#include <pthread.h>

int main(int argc, char** argv)
{
  (void)argv;
#ifndef pthread_create
  return ((int*)(&pthread_create))[argc];
#else
  (void)argc;
  return 0;
#endif
}

Determining if the function pthread_create exists in the pthreads failed with the following output:
Change Dir: /home/wn/codes/my_projects/cuda_matmul/build/CMakeFiles/CMakeTmp

Run Build Command:"/usr/bin/ninja" "cmTC_5251d"
[1/2] Building C object CMakeFiles/cmTC_5251d.dir/CheckFunctionExists.c.o
[2/2] Linking C executable cmTC_5251d
FAILED: cmTC_5251d 
: && /usr/bin/gcc -fPIC -DCHECK_FUNCTION_EXISTS=pthread_create  -rdynamic CMakeFiles/cmTC_5251d.dir/CheckFunctionExists.c.o  -o cmTC_5251d  -lpthreads && :
/usr/bin/ld: cannot find -lpthreads
collect2: error: ld returned 1 exit status
ninja: build stopped: subcommand failed.


